TN:
SF:src\components\FlavorFavicon.jsx
FN:14,FlavorFavicon
FN:17,(anonymous_1)
FNF:2
FNH:2
FNDA:10,FlavorFavicon
FNDA:10,(anonymous_1)
DA:4,3
DA:14,10
DA:15,10
DA:17,10
DA:18,10
DA:19,10
DA:20,10
DA:21,4
DA:22,4
DA:23,4
DA:25,10
DA:26,10
DA:27,10
LF:13
LH:13
BRDA:15,0,0,10
BRDA:15,0,1,0
BRDA:18,1,0,10
BRDA:18,1,1,0
BRDA:20,2,0,4
BRDA:20,2,1,6
BRF:6
BRH:4
end_of_record
TN:
SF:src\components\GalleryFlavorLabel.jsx
FN:9,GalleryFlavorLabel
FNF:1
FNH:1
FNDA:3,GalleryFlavorLabel
DA:7,1
DA:9,3
DA:10,3
DA:11,3
DA:12,3
DA:14,3
DA:17,2
DA:20,2
DA:21,2
LF:9
LH:9
BRDA:10,0,0,3
BRDA:10,0,1,0
BRDA:11,1,0,3
BRDA:11,1,1,0
BRDA:14,2,0,1
BRDA:14,2,1,2
BRDA:14,3,0,2
BRDA:14,3,1,0
BRDA:14,4,0,2
BRDA:14,4,1,0
BRDA:20,5,0,2
BRDA:20,5,1,0
BRDA:20,6,0,2
BRDA:20,6,1,0
BRF:14
BRH:8
end_of_record
TN:
SF:src\components\HeroFeaturedWorks.jsx
FN:7,HeroFeaturedWorks
FNF:1
FNH:1
FNDA:4,HeroFeaturedWorks
DA:1,1
DA:7,3
DA:9,1
DA:22,1
LF:4
LH:4
BRDA:7,0,0,1
BRDA:7,0,1,0
BRF:2
BRH:1
end_of_record
TN:
SF:src\components\HomeHeroFlavorSwitch.jsx
FN:24,HomeHeroFlavorSwitch
FN:34,(anonymous_1)
FNF:2
FNH:2
FNDA:2,HomeHeroFlavorSwitch
FNDA:1,(anonymous_1)
DA:3,1
DA:9,1
DA:19,1
DA:24,2
DA:25,2
DA:26,2
DA:27,2
DA:30,2
DA:32,2
DA:33,2
DA:34,2
DA:37,2
LF:12
LH:12
BRDA:26,0,0,1
BRDA:26,0,1,1
BRDA:33,1,0,1
BRDA:33,1,1,1
BRDA:33,2,0,2
BRDA:33,2,1,0
BRDA:33,3,0,2
BRDA:33,3,1,0
BRDA:34,4,0,2
BRDA:34,4,1,0
BRDA:34,5,0,2
BRDA:34,5,1,0
BRDA:34,5,2,0
BRDA:34,5,3,0
BRF:14
BRH:8
end_of_record
TN:
SF:src\components\PortfolioPill.jsx
FN:11,PortfolioPill
FNF:1
FNH:1
FNDA:2,PortfolioPill
DA:2,1
DA:11,2
DA:13,2
DA:14,2
DA:16,2
LF:5
LH:5
BRDA:11,0,0,2
BRDA:11,0,1,0
BRDA:11,1,0,1
BRDA:11,1,1,1
BRDA:11,2,0,1
BRDA:11,2,1,1
BRDA:14,3,0,1
BRDA:14,3,1,1
BRDA:14,4,0,2
BRDA:14,4,1,0
BRDA:14,5,0,2
BRDA:14,5,1,0
BRDA:14,5,2,0
BRF:13
BRH:9
end_of_record
TN:
SF:src\components\SiteFooter.jsx
FN:15,SiteFooter
FNF:1
FNH:1
FNDA:6,SiteFooter
DA:9,3
DA:10,3
DA:11,3
DA:12,3
DA:13,3
DA:15,6
DA:16,6
DA:17,6
DA:21,6
DA:29,6
DA:39,6
DA:40,6
DA:52,0
DA:54,6
DA:56,6
DA:58,6
DA:59,6
DA:63,6
DA:64,6
DA:65,6
DA:67,0
DA:68,6
DA:75,6
DA:76,6
DA:80,6
DA:81,6
DA:82,6
DA:84,0
DA:85,6
DA:92,6
DA:93,6
DA:97,6
DA:98,6
DA:99,6
DA:101,6
DA:103,6
DA:104,6
DA:106,6
DA:108,6
DA:109,6
DA:111,6
DA:124,6
DA:126,6
DA:128,6
DA:129,6
LF:45
LH:42
BRDA:16,0,0,6
BRDA:16,0,1,0
BRDA:17,1,0,6
BRDA:17,1,1,0
BRDA:59,2,0,6
BRDA:59,2,1,0
BRDA:63,3,0,6
BRDA:63,3,1,0
BRDA:64,4,0,6
BRDA:64,4,1,0
BRDA:65,5,0,6
BRDA:65,5,1,0
BRDA:76,6,0,6
BRDA:76,6,1,0
BRDA:80,7,0,6
BRDA:80,7,1,0
BRDA:81,8,0,6
BRDA:81,8,1,0
BRDA:82,9,0,6
BRDA:82,9,1,0
BRDA:93,10,0,6
BRDA:93,10,1,0
BRDA:97,11,0,6
BRDA:97,11,1,0
BRDA:98,12,0,6
BRDA:98,12,1,0
BRDA:99,13,0,6
BRDA:99,13,1,0
BRDA:101,14,0,6
BRDA:101,14,1,0
BRDA:101,15,0,6
BRDA:101,15,1,0
BRDA:101,15,2,0
BRDA:103,16,0,6
BRDA:103,16,1,0
BRDA:103,17,0,6
BRDA:103,17,1,0
BRDA:104,18,0,6
BRDA:104,18,1,0
BRDA:108,19,0,6
BRDA:108,19,1,0
BRDA:109,20,0,6
BRDA:109,20,1,0
BRDA:126,21,0,3
BRDA:126,21,1,3
BRDA:126,22,0,6
BRDA:126,22,1,0
BRDA:128,23,0,6
BRDA:128,23,1,0
BRDA:128,24,0,6
BRDA:128,24,1,0
BRF:51
BRH:26
end_of_record
TN:
SF:src\context\HomeHeroFlavorContext.jsx
FN:7,HomeHeroFlavorProvider
FN:26,useHomeHeroFlavor
FNF:2
FNH:2
FNDA:71,HomeHeroFlavorProvider
FNDA:25,useHomeHeroFlavor
DA:5,9
DA:7,37
DA:8,37
DA:11,37
DA:13,37
DA:15,1
DA:17,37
DA:20,37
DA:22,37
DA:27,25
DA:28,25
DA:29,2
DA:30,23
LF:13
LH:13
BRDA:13,0,0,36
BRDA:13,0,1,1
BRDA:13,1,0,37
BRDA:13,1,1,1
BRDA:17,2,0,37
BRDA:17,2,1,0
BRDA:17,3,0,37
BRDA:17,3,1,2
BRDA:28,4,0,2
BRDA:28,4,1,23
BRF:10
BRH:9
end_of_record
TN:
SF:src\data\homeDvdScreensaverLinks.js
FNF:0
FNH:0
DA:1,1
LF:1
LH:1
BRF:0
BRH:0
end_of_record
TN:
SF:src\data\homeGalleryItems.js
FN:237,paletteToRgbCss
FN:238,(anonymous_1)
FNF:2
FNH:2
FNDA:1,paletteToRgbCss
FNDA:2,(anonymous_1)
DA:1,4
DA:238,1
DA:239,2
DA:240,2
DA:241,2
DA:242,2
LF:6
LH:6
BRF:0
BRH:0
end_of_record
TN:
SF:src\data\homeHeroFlavors.js
FNF:0
FNH:0
DA:4,10
LF:1
LH:1
BRF:0
BRH:0
end_of_record
TN:
SF:src\lib\homeHeroFlavor.js
FN:1,randomHomeHeroFlavor
FN:15,postHeroIconAccentClass
FN:19,flavorLinkHoverClass
FNF:3
FNH:3
FNDA:36,randomHomeHeroFlavor
FNDA:11,postHeroIconAccentClass
FNDA:2,flavorLinkHoverClass
DA:2,36
DA:5,10
DA:8,10
DA:12,10
DA:16,11
DA:20,2
LF:6
LH:6
BRDA:2,0,0,22
BRDA:2,0,1,14
BRDA:16,1,0,5
BRDA:16,1,1,6
BRDA:20,2,0,1
BRDA:20,2,1,1
BRF:6
BRH:6
end_of_record
TN:
SF:src\lib\imageTrailUtils.js
FN:6,useAnimationLoop
FN:10,centerTransform
FN:14,generateNumber
FN:18,generateTrailImageSize
FNF:4
FNH:3
FNDA:0,useAnimationLoop
FNDA:2,centerTransform
FNDA:1,generateNumber
FNDA:1,generateTrailImageSize
DA:4,1
DA:7,0
DA:11,2
DA:15,1
DA:19,1
DA:20,1
LF:6
LH:5
BRDA:11,0,0,2
BRDA:11,0,1,1
BRF:2
BRH:2
end_of_record
TN:
SF:src\lib\scrollWithViewTransition.js
FN:1,scrollToElementWithTransition
FN:4,(anonymous_1)
FN:17,scrollToIdWithTransition
FNF:3
FNH:3
FNDA:5,scrollToElementWithTransition
FNDA:1,(anonymous_1)
FNDA:2,scrollToIdWithTransition
DA:2,5
DA:4,3
DA:5,1
DA:10,3
DA:11,1
DA:13,2
DA:18,2
LF:7
LH:7
BRDA:2,0,0,2
BRDA:2,0,1,3
BRDA:2,1,0,5
BRDA:2,1,1,3
BRDA:10,2,0,1
BRDA:10,2,1,2
BRF:6
BRH:6
end_of_record
TN:
SF:src\router\router.jsx
FN:8,Router
FNF:1
FNH:1
FNDA:5,Router
DA:8,5
DA:10,5
DA:11,5
DA:12,5
DA:13,5
DA:14,5
DA:15,5
DA:16,5
DA:19,5
LF:9
LH:9
BRDA:8,0,0,5
BRDA:8,0,1,0
BRDA:11,1,0,5
BRDA:11,1,1,0
BRDA:12,2,0,5
BRDA:12,2,1,0
BRDA:13,3,0,5
BRDA:13,3,1,0
BRDA:14,4,0,5
BRDA:14,4,1,0
BRDA:15,5,0,5
BRDA:15,5,1,0
BRDA:16,6,0,5
BRDA:16,6,1,0
BRF:14
BRH:7
end_of_record
TN:
SF:src\views\ContactView.jsx
FN:1,ContactView
FNF:1
FNH:1
FNDA:3,ContactView
DA:1,3
DA:3,3
DA:5,3
LF:3
LH:3
BRDA:1,0,0,3
BRDA:1,0,1,0
BRF:2
BRH:1
end_of_record
TN:
SF:src\views\OverviewView.jsx
FN:15,(anonymous_0)
FN:22,(anonymous_1)
FN:23,(anonymous_2)
FN:40,(anonymous_3)
FN:45,(anonymous_4)
FN:55,OverviewView
FN:72,(anonymous_6)
FN:128,(anonymous_7)
FNF:8
FNH:8
FNDA:24,(anonymous_0)
FNDA:8,(anonymous_1)
FNDA:24,(anonymous_2)
FNDA:8,(anonymous_3)
FNDA:19,(anonymous_4)
FNDA:155,OverviewView
FNDA:32,(anonymous_6)
FNDA:150,(anonymous_7)
DA:7,2
DA:9,2
DA:15,24
DA:23,8
DA:24,24
DA:41,8
DA:47,19
DA:55,150
DA:56,5
DA:57,5
DA:60,5
DA:61,5
DA:64,5
DA:66,5
DA:67,145
DA:68,145
DA:71,5
DA:72,5
DA:73,32
DA:74,32
DA:76,0
DA:78,5
DA:82,5
DA:83,5
DA:86,5
DA:89,5
DA:90,5
DA:91,5
DA:99,5
DA:100,5
DA:104,5
DA:105,5
DA:107,5
DA:109,5
DA:110,5
DA:112,5
DA:113,5
DA:123,5
DA:124,5
DA:126,5
DA:129,150
DA:130,150
DA:159,5
DA:161,5
DA:165,5
DA:166,5
LF:46
LH:45
BRDA:41,0,0,8
BRDA:41,0,1,7
BRDA:41,0,2,5
BRDA:47,1,0,19
BRDA:47,1,1,19
BRDA:47,1,2,19
BRDA:47,1,3,19
BRDA:56,2,0,0
BRDA:56,2,1,5
BRDA:57,3,0,5
BRDA:57,3,1,1
BRDA:57,4,0,5
BRDA:57,4,1,0
BRDA:61,5,0,5
BRDA:61,5,1,0
BRDA:73,6,0,32
BRDA:73,6,1,0
BRDA:83,7,0,2
BRDA:83,7,1,3
BRDA:86,8,0,5
BRDA:86,8,1,0
BRDA:99,9,0,5
BRDA:99,9,1,0
BRDA:104,10,0,5
BRDA:104,10,1,0
BRDA:107,11,0,5
BRDA:107,11,1,0
BRDA:109,12,0,5
BRDA:109,12,1,0
BRDA:112,13,0,5
BRDA:112,13,1,0
BRDA:123,14,0,5
BRDA:123,14,1,0
BRDA:123,15,0,5
BRDA:123,15,1,0
BRDA:124,16,0,5
BRDA:124,16,1,0
BRDA:137,17,0,32
BRDA:137,17,1,118
BRDA:159,18,0,5
BRDA:159,18,1,0
BRDA:165,19,0,5
BRDA:165,19,1,0
BRDA:165,20,0,5
BRDA:165,20,1,0
BRDA:165,20,2,0
BRF:46
BRH:29
end_of_record
TN:
SF:src\views\ProjectDetailView.jsx
FN:12,MediaRenderer
FN:129,ProjectDetailView
FN:131,(anonymous_2)
FN:139,(anonymous_3)
FN:154,(anonymous_4)
FN:162,raf
FN:166,(anonymous_6)
FN:176,(anonymous_7)
FN:182,(anonymous_8)
FN:205,(anonymous_9)
FN:211,(anonymous_10)
FN:216,(anonymous_11)
FN:223,(anonymous_12)
FN:225,(anonymous_13)
FN:226,(anonymous_14)
FN:232,(anonymous_15)
FN:234,(anonymous_16)
FN:239,(anonymous_17)
FN:240,(anonymous_18)
FN:252,(anonymous_19)
FN:338,(anonymous_20)
FN:357,(anonymous_21)
FN:361,(anonymous_22)
FN:319,(anonymous_23)
FN:320,(anonymous_24)
FN:336,(anonymous_25)
FN:336,(anonymous_26)
FNF:27
FNH:23
FNDA:76,MediaRenderer
FNDA:147,ProjectDetailView
FNDA:25,(anonymous_2)
FNDA:6,(anonymous_3)
FNDA:0,(anonymous_4)
FNDA:1,raf
FNDA:6,(anonymous_6)
FNDA:0,(anonymous_7)
FNDA:25,(anonymous_8)
FNDA:3,(anonymous_9)
FNDA:1,(anonymous_10)
FNDA:1,(anonymous_11)
FNDA:1,(anonymous_12)
FNDA:1,(anonymous_13)
FNDA:1,(anonymous_14)
FNDA:2,(anonymous_15)
FNDA:2,(anonymous_16)
FNDA:7,(anonymous_17)
FNDA:1,(anonymous_18)
FNDA:7,(anonymous_19)
FNDA:44,(anonymous_20)
FNDA:44,(anonymous_21)
FNDA:1,(anonymous_22)
FNDA:88,(anonymous_23)
FNDA:1,(anonymous_24)
FNDA:0,(anonymous_25)
FNDA:0,(anonymous_26)
DA:8,2
DA:10,2
DA:12,76
DA:13,76
DA:14,76
DA:16,76
DA:18,11
DA:21,21
DA:23,21
DA:28,21
DA:30,55
DA:32,55
DA:36,2
DA:38,2
DA:129,133
DA:130,11
DA:131,25
DA:133,11
DA:134,11
DA:136,11
DA:137,11
DA:139,11
DA:140,6
DA:141,6
DA:143,6
DA:152,6
DA:154,6
DA:155,0
DA:157,6
DA:158,6
DA:163,1
DA:164,1
DA:166,6
DA:169,6
DA:170,6
DA:171,6
DA:172,6
DA:174,11
DA:176,11
DA:177,0
DA:178,0
DA:180,5
DA:182,25
DA:183,11
DA:185,11
DA:192,11
DA:203,11
DA:205,11
DA:206,3
DA:208,1
DA:210,3
DA:211,1
DA:212,0
DA:213,0
DA:216,1
DA:217,1
DA:219,11
DA:221,11
DA:223,11
DA:224,1
DA:225,1
DA:226,1
DA:227,1
DA:230,11
DA:232,11
DA:233,2
DA:234,2
DA:235,2
DA:237,11
DA:239,11
DA:240,7
DA:241,1
DA:242,1
DA:246,7
DA:247,1
DA:248,1
DA:250,6
DA:251,6
DA:252,7
DA:254,7
DA:255,7
DA:257,11
DA:261,6
DA:269,0
DA:270,0
DA:273,11
DA:285,0
DA:286,0
DA:301,0
DA:302,0
DA:312,6
DA:314,6
DA:316,11
DA:320,88
DA:336,0
DA:338,8
DA:339,44
DA:353,11
DA:357,8
DA:358,44
DA:361,1
DA:366,3
DA:370,11
DA:372,11
DA:373,11
DA:374,11
DA:376,11
DA:387,11
DA:389,11
DA:392,7
DA:414,11
LF:111
LH:99
BRDA:12,0,0,75
BRDA:12,0,1,1
BRDA:13,1,0,0
BRDA:13,1,1,76
BRDA:14,2,0,76
BRDA:14,2,1,56
BRDA:16,3,0,21
BRDA:16,3,1,55
BRDA:23,4,0,11
BRDA:23,4,1,10
BRDA:23,5,0,21
BRDA:23,5,1,10
BRDA:23,5,2,10
BRDA:23,5,3,10
BRDA:23,5,4,10
BRDA:23,5,5,10
BRDA:30,6,0,30
BRDA:30,6,1,25
BRDA:30,7,0,55
BRDA:30,7,1,25
BRDA:30,7,2,25
BRDA:30,7,3,25
BRDA:131,8,0,11
BRDA:131,8,1,1
BRDA:137,9,0,6
BRDA:137,9,1,5
BRDA:141,10,0,0
BRDA:141,10,1,6
BRDA:157,11,0,6
BRDA:157,11,1,0
BRDA:174,12,0,6
BRDA:174,12,1,5
BRDA:177,13,0,0
BRDA:177,13,1,0
BRDA:183,14,0,10
BRDA:183,14,1,1
BRDA:185,15,0,11
BRDA:185,15,1,0
BRDA:192,16,0,11
BRDA:192,16,1,0
BRDA:203,17,0,11
BRDA:203,17,1,0
BRDA:206,18,0,2
BRDA:206,18,1,1
BRDA:208,19,0,0
BRDA:208,19,1,1
BRDA:210,20,0,1
BRDA:210,20,1,0
BRDA:212,21,0,0
BRDA:212,21,1,0
BRDA:219,22,0,6
BRDA:219,22,1,5
BRDA:221,23,0,6
BRDA:221,23,1,5
BRDA:230,24,0,6
BRDA:230,24,1,5
BRDA:237,25,0,7
BRDA:237,25,1,4
BRDA:237,26,0,11
BRDA:237,26,1,5
BRDA:241,27,0,1
BRDA:241,27,1,0
BRDA:246,28,0,1
BRDA:246,28,1,6
BRDA:257,29,0,7
BRDA:257,29,1,4
BRDA:257,30,0,6
BRDA:257,30,1,5
BRDA:273,31,0,6
BRDA:273,31,1,5
BRDA:316,32,0,8
BRDA:316,32,1,3
BRDA:342,33,0,11
BRDA:342,33,1,33
BRDA:344,34,0,3
BRDA:344,34,1,30
BRDA:353,35,0,8
BRDA:353,35,1,3
BRDA:363,36,0,11
BRDA:363,36,1,33
BRDA:374,37,0,11
BRDA:374,37,1,0
BRDA:374,38,0,6
BRDA:374,38,1,5
BRDA:376,39,0,11
BRDA:376,39,1,0
BRDA:387,40,0,11
BRDA:387,40,1,0
BRDA:387,41,0,11
BRDA:387,41,1,5
BRDA:389,42,0,7
BRDA:389,42,1,4
BRDA:389,43,0,11
BRDA:389,43,1,5
BRDA:389,43,2,4
BRDA:392,44,0,7
BRDA:392,44,1,1
BRDA:394,45,0,0
BRDA:394,45,1,1
BRDA:397,46,0,0
BRDA:397,46,1,1
BRDA:276,47,0,11
BRDA:276,47,1,11
BRDA:292,48,0,11
BRDA:292,48,1,10
BRDA:320,49,0,1
BRDA:320,49,1,1
BRDA:321,50,0,88
BRDA:321,50,1,75
BRF:109
BRH:91
end_of_record
TN:
SF:src\views\RootLayout.jsx
FN:8,RootLayout
FNF:1
FNH:1
FNDA:10,RootLayout
DA:8,10
DA:9,10
DA:10,10
DA:11,10
DA:14,9
DA:15,8
DA:18,10
DA:19,10
DA:22,8
DA:24,10
DA:25,10
DA:27,10
LF:12
LH:12
BRDA:9,0,0,10
BRDA:9,0,1,0
BRDA:10,1,0,10
BRDA:10,1,1,7
BRDA:11,2,0,8
BRDA:11,2,1,2
BRDA:19,3,0,2
BRDA:19,3,1,8
BRDA:19,4,0,8
BRDA:19,4,1,2
BRDA:24,5,0,8
BRDA:24,5,1,2
BRDA:25,6,0,4
BRDA:25,6,1,4
BRDA:25,7,0,9
BRDA:25,7,1,1
BRDA:25,8,0,10
BRDA:25,8,1,1
BRF:18
BRH:17
end_of_record
